<?xml version="1.0" encoding="UTF-8"?>
<testsuite name="Tests.MyTest" tests="1" skipped="0" failures="0" errors="0" timestamp="2017-04-09T08:13:50" hostname="Natka" time="24.937">
  <properties/>
  <testcase name="testTest" classname="Tests.MyTest" time="24.937"/>
  <system-out><![CDATA[]]></system-out>
  <system-err><![CDATA[]]></system-err>
</testsuite>
